Using pre-set license
Built from '2020.3/staging' branch; Version is '2020.3.10f1 (297d780c91bc) revision 2719096'; Using compiler version '192528614'; Build Type 'Release'
OS: 'Windows 10 Education; OS build 19042.1706; Version 2009; 64bit' Language: 'fi' Physical Memory: 32669 MB
BatchMode: 1, IsHumanControllingUs: 0, StartBugReporterOnCrash: 0, Is64bit: 1, IsPro: 0

 COMMAND LINE ARGUMENTS:
C:\Program Files\Unity\Hub\Editor\2020.3.10f1\Editor\Unity.exe
-adb2
-batchMode
-noUpm
-name
AssetImportWorker0
-projectPath
E:/GitHub/Pain Reflex/Pain Reflex
-logFile
Logs/AssetImportWorker0.log
-srvPort
60853
Successfully changed project path to: E:/GitHub/Pain Reflex/Pain Reflex
E:/GitHub/Pain Reflex/Pain Reflex
Using Asset Import Pipeline V2.
Refreshing native plugins compatible for Editor in 49.78 ms, found 2 plugins.
Preloading 0 native plugins for Editor in 0.00 ms.
Initialize engine version: 2020.3.10f1 (297d780c91bc)
[Subsystems] Discovering subsystems at path C:/Program Files/Unity/Hub/Editor/2020.3.10f1/Editor/Data/Resources/UnitySubsystems
[Subsystems] Discovering subsystems at path E:/GitHub/Pain Reflex/Pain Reflex/Assets
GfxDevice: creating device client; threaded=0
Direct3D:
    Version:  Direct3D 11.0 [level 11.1]
    Renderer: NVIDIA GeForce GTX 1060 6GB (ID=0x1c03)
    Vendor:   
    VRAM:     6052 MB
    Driver:   30.0.15.1277
Initialize mono
Mono path[0] = 'C:/Program Files/Unity/Hub/Editor/2020.3.10f1/Editor/Data/Managed'
Mono path[1] = 'C:/Program Files/Unity/Hub/Editor/2020.3.10f1/Editor/Data/MonoBleedingEdge/lib/mono/unityjit'
Mono config path = 'C:/Program Files/Unity/Hub/Editor/2020.3.10f1/Editor/Data/MonoBleedingEdge/etc'
Using monoOptions --debugger-agent=transport=dt_socket,embedding=1,server=y,suspend=n,address=127.0.0.1:56196
Begin MonoManager ReloadAssembly
Registering precompiled unity dll's ...
Register platform support module: C:/Program Files/Unity/Hub/Editor/2020.3.10f1/Editor/Data/PlaybackEngines/WindowsStandaloneSupport/UnityEditor.WindowsStandalone.Extensions.dll
Registered in 0.002215 seconds.
Native extension for WindowsStandalone target not found
Refreshing native plugins compatible for Editor in 47.81 ms, found 2 plugins.
Preloading 0 native plugins for Editor in 0.00 ms.
Mono: successfully reloaded assembly
- Completed reload, in  0.970 seconds
Platform modules already initialized, skipping
Registering precompiled user dll's ...
Registered in 0.003816 seconds.
Begin MonoManager ReloadAssembly
Native extension for WindowsStandalone target not found
Refreshing native plugins compatible for Editor in 49.99 ms, found 2 plugins.
Preloading 0 native plugins for Editor in 0.00 ms.
Mono: successfully reloaded assembly
- Completed reload, in  1.020 seconds
Platform modules already initialized, skipping
========================================================================
Worker process is ready to serve import requests
Launched and connected shader compiler UnityShaderCompiler.exe after 0.04 seconds
Refreshing native plugins compatible for Editor in 0.53 ms, found 2 plugins.
Preloading 0 native plugins for Editor in 0.00 ms.
Unloading 2844 Unused Serialized files (Serialized files now loaded: 0)
System memory in use before: 112.8 MB.
System memory in use after: 113.0 MB.

Unloading 19 unused Assets to reduce memory usage. Loaded Objects now: 3278.
Total: 1.875000 ms (FindLiveObjects: 0.226400 ms CreateObjectMapping: 0.118200 ms MarkObjects: 1.468700 ms  DeleteObjects: 0.060600 ms)

========================================================================
Received Import Request.
  path: Assets/Prefabs/Bouncy.physicMaterial
  artifactKey: Guid(d4c1a773fa0f4c5459fc7674af6614b4) Importer(815301076,1909f56bfc062723c751e8b465ee728b)
Start importing Assets/Prefabs/Bouncy.physicMaterial using Guid(d4c1a773fa0f4c5459fc7674af6614b4) Importer(815301076,1909f56bfc062723c751e8b465ee728b)  -> (artifact id: '5740c504dbc9e0a419460171e11c4442') in 0.033548 seconds
  Import took 0.037880 seconds .

========================================================================
Received Import Request.
  Time since last request: 0.000187 seconds.
  path: Assets/Prefabs/NoBounce.physicMaterial
  artifactKey: Guid(48f78dbebd8d4374c9e9034d37e6d604) Importer(815301076,1909f56bfc062723c751e8b465ee728b)
Start importing Assets/Prefabs/NoBounce.physicMaterial using Guid(48f78dbebd8d4374c9e9034d37e6d604) Importer(815301076,1909f56bfc062723c751e8b465ee728b)  -> (artifact id: '89c36fab6b78c2d5ed9f8043d2bec818') in 0.005509 seconds
  Import took 0.009003 seconds .

========================================================================
Received Import Request.
  Time since last request: 0.000131 seconds.
  path: Assets/Scenes/VisualDemo.unity
  artifactKey: Guid(a04c8f556a0c5cd438e0a68fddd00be2) Importer(815301076,1909f56bfc062723c751e8b465ee728b)
Start importing Assets/Scenes/VisualDemo.unity using Guid(a04c8f556a0c5cd438e0a68fddd00be2) Importer(815301076,1909f56bfc062723c751e8b465ee728b)  -> (artifact id: '3111fdf572b7f4bcddf9ed4eda2807bf') in 0.005579 seconds
  Import took 0.009231 seconds .

========================================================================
Received Import Request.
  Time since last request: 0.000134 seconds.
  path: Assets/Prefabs/NoFriction.physicMaterial
  artifactKey: Guid(8486d4e6bb4637c4089d752bb4c898e0) Importer(815301076,1909f56bfc062723c751e8b465ee728b)
Start importing Assets/Prefabs/NoFriction.physicMaterial using Guid(8486d4e6bb4637c4089d752bb4c898e0) Importer(815301076,1909f56bfc062723c751e8b465ee728b)  -> (artifact id: '9c3d65055cc8c6b23d9fc1f82984db2b') in 0.005546 seconds
  Import took 0.009019 seconds .

========================================================================
Received Import Request.
  Time since last request: 16.756119 seconds.
  path: Assets/Ultimate PBR Materials 300+/Kid Koala Materials
  artifactKey: Guid(8ae862cafbdd8da43ad1988263f2be43) Importer(815301076,1909f56bfc062723c751e8b465ee728b)
Start importing Assets/Ultimate PBR Materials 300+/Kid Koala Materials using Guid(8ae862cafbdd8da43ad1988263f2be43) Importer(815301076,1909f56bfc062723c751e8b465ee728b)  -> (artifact id: '5f599e4282e7c5008f5e968117a1514f') in 0.005898 seconds
  Import took 0.010010 seconds .

AssetImportWorkerClient::OnTransportError - code=2 error=End of file
